<?xml version="1.0" encoding="UTF-8"?>
<!-- Generated by org.testng.reporters.JUnitReportReporter -->
<testsuite skipped="0" hostname="user" name="tyss.demotyss" tests="1" failures="0" timestamp="26 Apr 2019 07:10:46 GMT" time="68.855" errors="0">
  <testcase name="tesScript" time="68.855" classname="tyss.demotyss"/>
</testsuite> <!-- tyss.demotyss -->
